d:\ga3rdfinalproject_carltail\5_project\footgraphicsengine\debug\vc142.pdb
d:\ga3rdfinalproject_carltail\5_project\footgraphicsengine\debug\vc142.idb
d:\ga3rdfinalproject_carltail\5_project\footgraphicsengine\debug\imguimanager.obj
d:\ga3rdfinalproject_carltail\5_project\footgraphicsengine\debug\buildermanager.obj
d:\ga3rdfinalproject_carltail\5_project\footgraphicsengine\debug\buffermanager.obj
d:\ga3rdfinalproject_carltail\5_project\footgraphicsengine\debug\renderer.obj
d:\ga3rdfinalproject_carltail\5_project\footgraphicsengine\debug\passbase.obj
d:\ga3rdfinalproject_carltail\5_project\footgraphicsengine\debug\lightpass.obj
d:\ga3rdfinalproject_carltail\5_project\footgraphicsengine\debug\rendertargettexture.obj
d:\ga3rdfinalproject_carltail\5_project\footgraphicsengine\debug\depthstencilresource.obj
d:\ga3rdfinalproject_carltail\5_project\footgraphicsengine\debug\rasterizerstate.obj
d:\ga3rdfinalproject_carltail\5_project\footgraphicsengine\debug\dx11graphicscore.obj
d:\ga3rdfinalproject_carltail\5_project\footgraphicsengine\debug\geometryshader.obj
d:\ga3rdfinalproject_carltail\5_project\footgraphicsengine\debug\factory.obj
d:\ga3rdfinalproject_carltail\5_project\footgraphicsengine\debug\spriteeffectbuilder.obj
d:\ga3rdfinalproject_carltail\5_project\footgraphicsengine\debug\dllmain.obj
d:\ga3rdfinalproject_carltail\5_project\footgraphicsengine\debug\skyboxbuilder.obj
d:\ga3rdfinalproject_carltail\5_project\footgraphicsengine\debug\pbrbuilder.obj
d:\ga3rdfinalproject_carltail\5_project\footgraphicsengine\debug\linebuilder.obj
d:\ga3rdfinalproject_carltail\5_project\footgraphicsengine\debug\animatortransition.obj
d:\ga3rdfinalproject_carltail\5_project\footgraphicsengine\debug\animatorstate.obj
d:\ga3rdfinalproject_carltail\5_project\footgraphicsengine\debug\animatorparmeter.obj
d:\ga3rdfinalproject_carltail\5_project\footgraphicsengine\debug\resource.obj
d:\ga3rdfinalproject_carltail\5_project\footgraphicsengine\debug\mesh.obj
d:\ga3rdfinalproject_carltail\5_project\footgraphicsengine\debug\inputlayout.obj
d:\ga3rdfinalproject_carltail\5_project\footgraphicsengine\debug\renderingmaterial.obj
d:\ga3rdfinalproject_carltail\5_project\footgraphicsengine\debug\progressbarui.obj
d:\ga3rdfinalproject_carltail\5_project\footgraphicsengine\debug\textui.obj
d:\ga3rdfinalproject_carltail\5_project\footgraphicsengine\debug\spriteui.obj
d:\ga3rdfinalproject_carltail\5_project\footgraphicsengine\debug\canvas.obj
d:\ga3rdfinalproject_carltail\5_project\footgraphicsengine\debug\buttonui.obj
d:\ga3rdfinalproject_carltail\5_project\footgraphicsengine\debug\spriteeffect.obj
d:\ga3rdfinalproject_carltail\5_project\footgraphicsengine\debug\skybox.obj
d:\ga3rdfinalproject_carltail\5_project\footgraphicsengine\debug\vertexshader.obj
d:\ga3rdfinalproject_carltail\5_project\footgraphicsengine\debug\pixelshader.obj
d:\ga3rdfinalproject_carltail\5_project\footgraphicsengine\debug\pbrobj.obj
d:\ga3rdfinalproject_carltail\5_project\footgraphicsengine\debug\lineobj.obj
d:\ga3rdfinalproject_carltail\5_project\footgraphicsengine\debug\constantbuffer.obj
d:\ga3rdfinalproject_carltail\5_project\footgraphicsengine\debug\uiutilsmanager.obj
d:\ga3rdfinalproject_carltail\5_project\footgraphicsengine\debug\shadermanager.obj
d:\ga3rdfinalproject_carltail\5_project\footgraphicsengine\debug\samplermanager.obj
d:\ga3rdfinalproject_carltail\5_project\footgraphicsengine\debug\resourcemanager.obj
d:\ga3rdfinalproject_carltail\5_project\footgraphicsengine\debug\mathhelper.obj
d:\ga3rdfinalproject_carltail\5_project\footgraphicsengine\debug\imgui_widgets.obj
d:\ga3rdfinalproject_carltail\5_project\footgraphicsengine\debug\imgui_tables.obj
d:\ga3rdfinalproject_carltail\5_project\footgraphicsengine\debug\imgui_impl_win32.obj
d:\ga3rdfinalproject_carltail\5_project\footgraphicsengine\debug\imgui_impl_dx11.obj
d:\ga3rdfinalproject_carltail\5_project\footgraphicsengine\debug\imgui_draw.obj
d:\ga3rdfinalproject_carltail\5_project\footgraphicsengine\debug\imgui_demo.obj
d:\ga3rdfinalproject_carltail\5_project\footgraphicsengine\debug\imgui.obj
d:\ga3rdfinalproject_carltail\5_project\footgraphicsengine\debug\animator.obj
d:\ga3rdfinalproject_carltail\5_project\footgraphicsengine\debug\shadowpass.obj
d:\ga3rdfinalproject_carltail\5_project\footgraphicsengine\debug\texture.obj
d:\ga3rdfinalproject_carltail\5_project\footgraphicsengine\debug\postprocess.obj
d:\ga3rdfinalproject_carltail\5_project\footgraphicsengine\debug\footgraphicsengine_debug_x64.pch
d:\ga3rdfinalproject_carltail\5_project\footgraphicsengine\debug\graphicspch.obj
d:\ga3rdfinalproject_carltail\5_project\output\dll\footgraphicsengine_debug_x64.lib
d:\ga3rdfinalproject_carltail\5_project\output\dll\footgraphicsengine_debug_x64.exp
d:\ga3rdfinalproject_carltail\5_project\footgraphicsengine\debug\footgraphicsengine_debug_x64.ilk
d:\ga3rdfinalproject_carltail\5_project\output\dll\footgraphicsengine_debug_x64.dll
d:\ga3rdfinalproject_carltail\5_project\output\dll\footgraphicsengine_debug_x64.pdb
d:\ga3rdfinalproject_carltail\5_project\footgraphicsengine\debug\footgrap.35fad7cb.tlog\cl.command.1.tlog
d:\ga3rdfinalproject_carltail\5_project\footgraphicsengine\debug\footgrap.35fad7cb.tlog\cl.read.1.tlog
d:\ga3rdfinalproject_carltail\5_project\footgraphicsengine\debug\footgrap.35fad7cb.tlog\cl.write.1.tlog
d:\ga3rdfinalproject_carltail\5_project\footgraphicsengine\debug\footgrap.35fad7cb.tlog\footgraphicsengine.write.1u.tlog
d:\ga3rdfinalproject_carltail\5_project\footgraphicsengine\debug\footgrap.35fad7cb.tlog\link.28264.delete.1.tlog
d:\ga3rdfinalproject_carltail\5_project\footgraphicsengine\debug\footgrap.35fad7cb.tlog\link.8296.delete.1.tlog
d:\ga3rdfinalproject_carltail\5_project\footgraphicsengine\debug\footgrap.35fad7cb.tlog\link.command.1.tlog
d:\ga3rdfinalproject_carltail\5_project\footgraphicsengine\debug\footgrap.35fad7cb.tlog\link.delete.1.tlog
d:\ga3rdfinalproject_carltail\5_project\footgraphicsengine\debug\footgrap.35fad7cb.tlog\link.read.1.tlog
d:\ga3rdfinalproject_carltail\5_project\footgraphicsengine\debug\footgrap.35fad7cb.tlog\link.write.1.tlog
