d:\ga3rdfinalproject_carltail\5_project\mooly\debug\mooly_debug_x64.pch
d:\ga3rdfinalproject_carltail\5_project\mooly\debug\vc142.pdb
d:\ga3rdfinalproject_carltail\5_project\mooly\debug\vc142.idb
d:\ga3rdfinalproject_carltail\5_project\mooly\debug\pch.obj
d:\ga3rdfinalproject_carltail\5_project\mooly\debug\moolyinfohelper.obj
d:\ga3rdfinalproject_carltail\5_project\mooly\debug\imoolyengine.obj
d:\ga3rdfinalproject_carltail\5_project\mooly\debug\scene.obj
d:\ga3rdfinalproject_carltail\5_project\mooly\debug\eventcallback.obj
d:\ga3rdfinalproject_carltail\5_project\mooly\debug\moolyenginex.obj
d:\ga3rdfinalproject_carltail\5_project\mooly\debug\mooly_debug_x64.ilk
d:\ga3rdfinalproject_carltail\5_project\output\dll\mooly_debug_x64.dll
d:\ga3rdfinalproject_carltail\5_project\output\dll\mooly_debug_x64.pdb
d:\ga3rdfinalproject_carltail\5_project\output\dll\mooly_debug_x64.lib
d:\ga3rdfinalproject_carltail\5_project\output\dll\mooly_debug_x64.exp
d:\ga3rdfinalproject_carltail\5_project\mooly\debug\mooly.tlog\cl.command.1.tlog
d:\ga3rdfinalproject_carltail\5_project\mooly\debug\mooly.tlog\cl.read.1.tlog
d:\ga3rdfinalproject_carltail\5_project\mooly\debug\mooly.tlog\cl.write.1.tlog
d:\ga3rdfinalproject_carltail\5_project\mooly\debug\mooly.tlog\link.command.1.tlog
d:\ga3rdfinalproject_carltail\5_project\mooly\debug\mooly.tlog\link.read.1.tlog
d:\ga3rdfinalproject_carltail\5_project\mooly\debug\mooly.tlog\link.write.1.tlog
d:\ga3rdfinalproject_carltail\5_project\mooly\debug\mooly.tlog\mooly.write.1u.tlog
