  pch.cpp
D:\GA3rdFinalProject_CarlTail\5_Project\Mooly\inc\Export\MoolyInfo.h(77,15): warning C4251: 'MoolyEngine::RayCastHit::objectName': class 'std::basic_string<char,std::char_traits<char>,std::allocator<char>>'에서는 struct 'MoolyEngine::RayCastHit'의 클라이언트에서 DLL 인터페이스를 사용하도록 지정해야 합니다.
C:\Program Files (x86)\Microsoft Visual Studio\2019\Community\VC\Tools\MSVC\14.29.30133\include\xstring(4871): message : 'std::basic_string<char,std::char_traits<char>,std::allocator<char>>' 선언을 참조하십시오.
  MoolyEngineX.cpp
  EventCallback.cpp
  Scene.cpp
D:\GA3rdFinalProject_CarlTail\5_Project\Mooly\src\PhysX\Scene.cpp(144,43): warning C4390: ';': 제어된 빈 문이 있습니다. 이 문이 필요합니까?
D:\GA3rdFinalProject_CarlTail\5_Project\Mooly\src\PhysX\Scene.cpp(271,27): warning C4244: '=': 'float'에서 'physx::PxU32'(으)로 변환하면서 데이터가 손실될 수 있습니다.
D:\GA3rdFinalProject_CarlTail\5_Project\Mooly\src\PhysX\Scene.cpp(275,41): warning C4244: '=': 'float'에서 'physx::PxU32'(으)로 변환하면서 데이터가 손실될 수 있습니다.
D:\GA3rdFinalProject_CarlTail\5_Project\Mooly\src\PhysX\Scene.cpp(345,27): warning C4244: '=': 'float'에서 'physx::PxU32'(으)로 변환하면서 데이터가 손실될 수 있습니다.
D:\GA3rdFinalProject_CarlTail\5_Project\Mooly\src\PhysX\Scene.cpp(1008,35): warning C4267: '초기화 중': 'size_t'에서 'UINT'(으)로 변환하면서 데이터가 손실될 수 있습니다.
  IMoolyEngine.cpp
  MoolyInfoHelper.cpp
  코드를 생성하고 있습니다...
D:\GA3rdFinalProject_CarlTail\5_Project\Mooly\src\PhysX\Scene.cpp(334): warning C4715: 'MoolyEngine::Scene::CreateTriangleMeshActor': 모든 제어 경로에서 값을 반환하지는 않습니다.
D:\GA3rdFinalProject_CarlTail\5_Project\Mooly\src\PhysX\Scene.cpp(402): warning C4715: 'MoolyEngine::Scene::CreateConvexMeshActor': 모든 제어 경로에서 값을 반환하지는 않습니다.
     D:\GA3rdFinalProject_CarlTail\5_Project\Output\DLL\Mooly_Debug_x64.lib 라이브러리 및 D:\GA3rdFinalProject_CarlTail\5_Project\Output\DLL\Mooly_Debug_x64.exp 개체를 생성하고 있습니다.
PhysXExtensions_static_64.lib(ExtCpuWorkerThread.obj) : warning LNK4099: 'PhysXExtensions_static_64.pdb' PDB를 'PhysXExtensions_static_64.lib(ExtCpuWorkerThread.obj)' 또는 'D:\GA3rdFinalProject_CarlTail\5_Project\Output\DLL\PhysXExtensions_static_64.pdb'에서 찾을 수 없습니다. 디버그 정보가 없는 것처럼 개체를 링크합니다.
PhysXExtensions_static_64.lib(ExtDefaultCpuDispatcher.obj) : warning LNK4099: 'PhysXExtensions_static_64.pdb' PDB를 'PhysXExtensions_static_64.lib(ExtDefaultCpuDispatcher.obj)' 또는 'D:\GA3rdFinalProject_CarlTail\5_Project\Output\DLL\PhysXExtensions_static_64.pdb'에서 찾을 수 없습니다. 디버그 정보가 없는 것처럼 개체를 링크합니다.
PhysXExtensions_static_64.lib(ExtDefaultErrorCallback.obj) : warning LNK4099: 'PhysXExtensions_static_64.pdb' PDB를 'PhysXExtensions_static_64.lib(ExtDefaultErrorCallback.obj)' 또는 'D:\GA3rdFinalProject_CarlTail\5_Project\Output\DLL\PhysXExtensions_static_64.pdb'에서 찾을 수 없습니다. 디버그 정보가 없는 것처럼 개체를 링크합니다.
PhysXExtensions_static_64.lib(ExtDefaultStreams.obj) : warning LNK4099: 'PhysXExtensions_static_64.pdb' PDB를 'PhysXExtensions_static_64.lib(ExtDefaultStreams.obj)' 또는 'D:\GA3rdFinalProject_CarlTail\5_Project\Output\DLL\PhysXExtensions_static_64.pdb'에서 찾을 수 없습니다. 디버그 정보가 없는 것처럼 개체를 링크합니다.
PhysXExtensions_static_64.lib(ExtRigidBodyExt.obj) : warning LNK4099: 'PhysXExtensions_static_64.pdb' PDB를 'PhysXExtensions_static_64.lib(ExtRigidBodyExt.obj)' 또는 'D:\GA3rdFinalProject_CarlTail\5_Project\Output\DLL\PhysXExtensions_static_64.pdb'에서 찾을 수 없습니다. 디버그 정보가 없는 것처럼 개체를 링크합니다.
PhysXExtensions_static_64.lib(ExtSimpleFactory.obj) : warning LNK4099: 'PhysXExtensions_static_64.pdb' PDB를 'PhysXExtensions_static_64.lib(ExtSimpleFactory.obj)' 또는 'D:\GA3rdFinalProject_CarlTail\5_Project\Output\DLL\PhysXExtensions_static_64.pdb'에서 찾을 수 없습니다. 디버그 정보가 없는 것처럼 개체를 링크합니다.
PhysXPvdSDK_static_64.lib(PxProfileEventImpl.obj) : warning LNK4099: 'PhysXPvdSDK_static_64.pdb' PDB를 'PhysXPvdSDK_static_64.lib(PxProfileEventImpl.obj)' 또는 'D:\GA3rdFinalProject_CarlTail\5_Project\Output\DLL\PhysXPvdSDK_static_64.pdb'에서 찾을 수 없습니다. 디버그 정보가 없는 것처럼 개체를 링크합니다.
PhysXPvdSDK_static_64.lib(PxPvd.obj) : warning LNK4099: 'PhysXPvdSDK_static_64.pdb' PDB를 'PhysXPvdSDK_static_64.lib(PxPvd.obj)' 또는 'D:\GA3rdFinalProject_CarlTail\5_Project\Output\DLL\PhysXPvdSDK_static_64.pdb'에서 찾을 수 없습니다. 디버그 정보가 없는 것처럼 개체를 링크합니다.
PhysXPvdSDK_static_64.lib(PxPvdDataStream.obj) : warning LNK4099: 'PhysXPvdSDK_static_64.pdb' PDB를 'PhysXPvdSDK_static_64.lib(PxPvdDataStream.obj)' 또는 'D:\GA3rdFinalProject_CarlTail\5_Project\Output\DLL\PhysXPvdSDK_static_64.pdb'에서 찾을 수 없습니다. 디버그 정보가 없는 것처럼 개체를 링크합니다.
PhysXPvdSDK_static_64.lib(PxPvdDefaultSocketTransport.obj) : warning LNK4099: 'PhysXPvdSDK_static_64.pdb' PDB를 'PhysXPvdSDK_static_64.lib(PxPvdDefaultSocketTransport.obj)' 또는 'D:\GA3rdFinalProject_CarlTail\5_Project\Output\DLL\PhysXPvdSDK_static_64.pdb'에서 찾을 수 없습니다. 디버그 정보가 없는 것처럼 개체를 링크합니다.
PhysXPvdSDK_static_64.lib(PxPvdImpl.obj) : warning LNK4099: 'PhysXPvdSDK_static_64.pdb' PDB를 'PhysXPvdSDK_static_64.lib(PxPvdImpl.obj)' 또는 'D:\GA3rdFinalProject_CarlTail\5_Project\Output\DLL\PhysXPvdSDK_static_64.pdb'에서 찾을 수 없습니다. 디버그 정보가 없는 것처럼 개체를 링크합니다.
PhysXPvdSDK_static_64.lib(PxPvdMemClient.obj) : warning LNK4099: 'PhysXPvdSDK_static_64.pdb' PDB를 'PhysXPvdSDK_static_64.lib(PxPvdMemClient.obj)' 또는 'D:\GA3rdFinalProject_CarlTail\5_Project\Output\DLL\PhysXPvdSDK_static_64.pdb'에서 찾을 수 없습니다. 디버그 정보가 없는 것처럼 개체를 링크합니다.
PhysXPvdSDK_static_64.lib(PxPvdObjectModelMetaData.obj) : warning LNK4099: 'PhysXPvdSDK_static_64.pdb' PDB를 'PhysXPvdSDK_static_64.lib(PxPvdObjectModelMetaData.obj)' 또는 'D:\GA3rdFinalProject_CarlTail\5_Project\Output\DLL\PhysXPvdSDK_static_64.pdb'에서 찾을 수 없습니다. 디버그 정보가 없는 것처럼 개체를 링크합니다.
PhysXPvdSDK_static_64.lib(PxPvdObjectRegistrar.obj) : warning LNK4099: 'PhysXPvdSDK_static_64.pdb' PDB를 'PhysXPvdSDK_static_64.lib(PxPvdObjectRegistrar.obj)' 또는 'D:\GA3rdFinalProject_CarlTail\5_Project\Output\DLL\PhysXPvdSDK_static_64.pdb'에서 찾을 수 없습니다. 디버그 정보가 없는 것처럼 개체를 링크합니다.
PhysXPvdSDK_static_64.lib(PxPvdProfileZoneClient.obj) : warning LNK4099: 'PhysXPvdSDK_static_64.pdb' PDB를 'PhysXPvdSDK_static_64.lib(PxPvdProfileZoneClient.obj)' 또는 'D:\GA3rdFinalProject_CarlTail\5_Project\Output\DLL\PhysXPvdSDK_static_64.pdb'에서 찾을 수 없습니다. 디버그 정보가 없는 것처럼 개체를 링크합니다.
  Mooly.vcxproj -> D:\GA3rdFinalProject_CarlTail\5_Project\Output\DLL\Mooly_Debug_x64.dll
          1개 파일이 복사되었습니다.
          1개 파일이 복사되었습니다.
          1개 파일이 복사되었습니다.
