  UICreator.cpp
D:\GA3rdFinalProject_CarlTail\5_Project\FootGameEngine\Manager\UICreator.cpp(181,4): warning C4091: 'static ': 변수를 선언하지 않으면 'GameEngineSpace::UICreator::CreateTestSceneCanvas::ClickCount' 왼쪽은 무시됩니다.
D:\GA3rdFinalProject_CarlTail\5_Project\FootGameEngine\Manager\UICreator.cpp(671,4): warning C4091: 'static ': 변수를 선언하지 않으면 'GameEngineSpace::UICreator::CreateCombinationCanvas::ClickCount' 왼쪽은 무시됩니다.
D:\GA3rdFinalProject_CarlTail\5_Project\FootGameEngine\Manager\UICreator.cpp(1335,4): warning C4091: 'static ': 변수를 선언하지 않으면 'GameEngineSpace::UICreator::CreateSettingCanvas::ClickCount' 왼쪽은 무시됩니다.
D:\GA3rdFinalProject_CarlTail\5_Project\FootGameEngine\Manager\UICreator.cpp(1637,41): warning C4244: '인수': 'float'에서 'long'(으)로 변환하면서 데이터가 손실될 수 있습니다.
D:\GA3rdFinalProject_CarlTail\5_Project\FootGameEngine\Manager\UICreator.cpp(1637,34): warning C4244: '인수': 'float'에서 'long'(으)로 변환하면서 데이터가 손실될 수 있습니다.
D:\GA3rdFinalProject_CarlTail\5_Project\FootGameEngine\Manager\UICreator.cpp(1637,29): warning C4244: '인수': 'float'에서 'long'(으)로 변환하면서 데이터가 손실될 수 있습니다.
D:\GA3rdFinalProject_CarlTail\5_Project\FootGameEngine\Manager\UICreator.cpp(1637,24): warning C4244: '인수': 'float'에서 'long'(으)로 변환하면서 데이터가 손실될 수 있습니다.
D:\GA3rdFinalProject_CarlTail\5_Project\FootGameEngine\Manager\UICreator.cpp(1656,45): warning C4244: '인수': 'float'에서 'long'(으)로 변환하면서 데이터가 손실될 수 있습니다.
D:\GA3rdFinalProject_CarlTail\5_Project\FootGameEngine\Manager\UICreator.cpp(1656,38): warning C4244: '인수': 'float'에서 'long'(으)로 변환하면서 데이터가 손실될 수 있습니다.
D:\GA3rdFinalProject_CarlTail\5_Project\FootGameEngine\Manager\UICreator.cpp(1656,33): warning C4244: '인수': 'float'에서 'long'(으)로 변환하면서 데이터가 손실될 수 있습니다.
D:\GA3rdFinalProject_CarlTail\5_Project\FootGameEngine\Manager\UICreator.cpp(1656,28): warning C4244: '인수': 'float'에서 'long'(으)로 변환하면서 데이터가 손실될 수 있습니다.
C:\Program Files (x86)\Microsoft Visual Studio\2019\Community\VC\Tools\MSVC\14.29.30133\include\xutility(135,1): warning C4267: '초기화 중': 'size_t'에서 '_Ty'(으)로 변환하면서 데이터가 손실될 수 있습니다.
          with
          [
              _Ty=unsigned int
          ]
C:\Program Files (x86)\Microsoft Visual Studio\2019\Community\VC\Tools\MSVC\14.29.30133\include\xutility(134): message : 컴파일되는 함수 템플릿 인스턴스화 '_Ty *std::construct_at<_Objty,unsigned __int64,void>(_Ty *const ,unsigned __int64 &&) noexcept(<expr>)'에 대한 참조를 확인하세요.
          with
          [
              _Ty=unsigned int,
              _Objty=unsigned int
          ]
C:\Program Files (x86)\Microsoft Visual Studio\2019\Community\VC\Tools\MSVC\14.29.30133\include\vector(708): message : 컴파일되는 함수 템플릿 인스턴스화 'void std::_Default_allocator_traits<_Alloc>::construct<_Ty,unsigned __int64>(_Alloc &,_Objty *const ,unsigned __int64 &&)'에 대한 참조를 확인하세요.
          with
          [
              _Alloc=std::allocator<std::_Vbase>,
              _Ty=unsigned int,
              _Objty=unsigned int
          ]
C:\Program Files (x86)\Microsoft Visual Studio\2019\Community\VC\Tools\MSVC\14.29.30133\include\vector(713): message : 컴파일되는 함수 템플릿 인스턴스화 'void std::_Default_allocator_traits<_Alloc>::construct<_Ty,unsigned __int64>(_Alloc &,_Objty *const ,unsigned __int64 &&)'에 대한 참조를 확인하세요.
          with
          [
              _Alloc=std::allocator<std::_Vbase>,
              _Ty=unsigned int,
              _Objty=unsigned int
          ]
C:\Program Files (x86)\Microsoft Visual Studio\2019\Community\VC\Tools\MSVC\14.29.30133\include\vector(726): message : 컴파일되는 함수 템플릿 인스턴스화 '_Ty &std::vector<_Ty,std::allocator<_Ty>>::_Emplace_back_with_unused_capacity<unsigned __int64>(unsigned __int64 &&)'에 대한 참조를 확인하세요.
          with
          [
              _Ty=std::_Vbase
          ]
D:\GA3rdFinalProject_CarlTail\5_Project\FootGraphicsEngine\Resources\Mesh.h(84): message : 컴파일되는 함수 템플릿 인스턴스화 '_Ty &std::vector<_Ty,std::allocator<_Ty>>::emplace_back<unsigned __int64>(unsigned __int64 &&)'에 대한 참조를 확인하세요.
          with
          [
              _Ty=std::_Vbase
          ]
C:\Program Files (x86)\Microsoft Visual Studio\2019\Community\VC\Tools\MSVC\14.29.30133\include\xmemory(674,1): warning C4267: '초기화 중': 'size_t'에서 '_Objty'(으)로 변환하면서 데이터가 손실될 수 있습니다.
          with
          [
              _Objty=unsigned int
          ]
  FootGameEngine.vcxproj -> D:\GA3rdFinalProject_CarlTail\5_Project\Output\GameEngine\FootGameEngine_Debug_x64.lib
