d:\ga3rdfinalproject_carltail\5_project\footgameengine\debug\footgameengine_debug_x64.pch
d:\ga3rdfinalproject_carltail\5_project\output\gameengine\footgameengine_debug_x64.pdb
d:\ga3rdfinalproject_carltail\5_project\output\gameengine\footgameengine_debug_x64.idb
d:\ga3rdfinalproject_carltail\5_project\footgameengine\debug\gamepch.obj
d:\ga3rdfinalproject_carltail\5_project\footgameengine\debug\object.obj
d:\ga3rdfinalproject_carltail\5_project\footgameengine\debug\gameobject.obj
d:\ga3rdfinalproject_carltail\5_project\footgameengine\debug\componentbase.obj
d:\ga3rdfinalproject_carltail\5_project\footgameengine\debug\windowmanager.obj
d:\ga3rdfinalproject_carltail\5_project\footgameengine\debug\timer.obj
d:\ga3rdfinalproject_carltail\5_project\footgameengine\debug\scenemanager.obj
d:\ga3rdfinalproject_carltail\5_project\footgameengine\debug\scenebase.obj
d:\ga3rdfinalproject_carltail\5_project\footgameengine\debug\physicsmanager.obj
d:\ga3rdfinalproject_carltail\5_project\footgameengine\debug\inputmanager.obj
d:\ga3rdfinalproject_carltail\5_project\footgameengine\debug\graphicsmanager.obj
d:\ga3rdfinalproject_carltail\5_project\footgameengine\debug\gameengine.obj
d:\ga3rdfinalproject_carltail\5_project\footgameengine\debug\spherecollider.obj
d:\ga3rdfinalproject_carltail\5_project\footgameengine\debug\rendererbase.obj
d:\ga3rdfinalproject_carltail\5_project\footgameengine\debug\raycollider.obj
d:\ga3rdfinalproject_carltail\5_project\footgameengine\debug\poscolorrenderer.obj
d:\ga3rdfinalproject_carltail\5_project\footgameengine\debug\meshrenderer.obj
d:\ga3rdfinalproject_carltail\5_project\footgameengine\debug\colliderbase.obj
d:\ga3rdfinalproject_carltail\5_project\footgameengine\debug\camera.obj
d:\ga3rdfinalproject_carltail\5_project\footgameengine\debug\boxcollider.obj
d:\ga3rdfinalproject_carltail\5_project\footgameengine\debug\basiccameracontroller.obj
d:\ga3rdfinalproject_carltail\5_project\footgameengine\debug\transform.obj
d:\ga3rdfinalproject_carltail\5_project\footgameengine\debug\uimanager.obj
d:\ga3rdfinalproject_carltail\5_project\output\gameengine\footgameengine_debug_x64.lib
d:\ga3rdfinalproject_carltail\5_project\footgameengine\debug\footgameengine.tlog\cl.command.1.tlog
d:\ga3rdfinalproject_carltail\5_project\footgameengine\debug\footgameengine.tlog\cl.read.1.tlog
d:\ga3rdfinalproject_carltail\5_project\footgameengine\debug\footgameengine.tlog\cl.write.1.tlog
d:\ga3rdfinalproject_carltail\5_project\footgameengine\debug\footgameengine.tlog\lib-link.read.1.tlog
d:\ga3rdfinalproject_carltail\5_project\footgameengine\debug\footgameengine.tlog\lib-link.write.1.tlog
d:\ga3rdfinalproject_carltail\5_project\footgameengine\debug\footgameengine.tlog\lib.command.1.tlog
