d:\ga3rdfinalproject_carltail\5_project\fbxtool\x64\release\fbxconverter.pch
d:\ga3rdfinalproject_carltail\5_project\fbxtool\x64\release\vc142.pdb
d:\ga3rdfinalproject_carltail\5_project\fbxtool\x64\release\pch.obj
d:\ga3rdfinalproject_carltail\5_project\fbxtool\x64\release\fbxparser.obj
d:\ga3rdfinalproject_carltail\5_project\fbxtool\x64\release\fbxconverterdlg.obj
d:\ga3rdfinalproject_carltail\5_project\fbxtool\x64\release\fbxconverter.obj
d:\ga3rdfinalproject_carltail\5_project\fbxtool\x64\release\binaryserializer.obj
d:\ga3rdfinalproject_carltail\5_project\output\fbxconverter.lib
d:\ga3rdfinalproject_carltail\5_project\output\fbxconverter.exp
d:\ga3rdfinalproject_carltail\5_project\output\fbxconverter.exe
d:\ga3rdfinalproject_carltail\5_project\fbxtool\x64\release\fbxconverter.ipdb
d:\ga3rdfinalproject_carltail\5_project\fbxtool\x64\release\fbxconverter.iobj
d:\ga3rdfinalproject_carltail\5_project\output\fbxconverter.pdb
d:\ga3rdfinalproject_carltail\5_project\fbxtool\x64\release\fbxconverter.res
d:\ga3rdfinalproject_carltail\5_project\\output\fbxconverter.pdb
d:\ga3rdfinalproject_carltail\5_project\fbxtool\x64\release\fbxconverter.tlog\cl.command.1.tlog
d:\ga3rdfinalproject_carltail\5_project\fbxtool\x64\release\fbxconverter.tlog\cl.read.1.tlog
d:\ga3rdfinalproject_carltail\5_project\fbxtool\x64\release\fbxconverter.tlog\cl.write.1.tlog
d:\ga3rdfinalproject_carltail\5_project\fbxtool\x64\release\fbxconverter.tlog\fbxconverter.write.1u.tlog
d:\ga3rdfinalproject_carltail\5_project\fbxtool\x64\release\fbxconverter.tlog\link.command.1.tlog
d:\ga3rdfinalproject_carltail\5_project\fbxtool\x64\release\fbxconverter.tlog\link.read.1.tlog
d:\ga3rdfinalproject_carltail\5_project\fbxtool\x64\release\fbxconverter.tlog\link.write.1.tlog
d:\ga3rdfinalproject_carltail\5_project\fbxtool\x64\release\fbxconverter.tlog\rc.command.1.tlog
d:\ga3rdfinalproject_carltail\5_project\fbxtool\x64\release\fbxconverter.tlog\rc.read.1.tlog
d:\ga3rdfinalproject_carltail\5_project\fbxtool\x64\release\fbxconverter.tlog\rc.write.1.tlog
