d:\ga3rdfinalproject_carltail\5_project\cocktailclient\debug\cocktailclient.pch
d:\ga3rdfinalproject_carltail\5_project\cocktailclient\debug\vc142.pdb
d:\ga3rdfinalproject_carltail\5_project\cocktailclient\debug\vc142.idb
d:\ga3rdfinalproject_carltail\5_project\cocktailclient\debug\pch.obj
d:\ga3rdfinalproject_carltail\5_project\cocktailclient\debug\movecontroller.obj
d:\ga3rdfinalproject_carltail\5_project\cocktailclient\debug\demoscene.obj
d:\ga3rdfinalproject_carltail\5_project\cocktailclient\debug\clientmain.obj
d:\ga3rdfinalproject_carltail\5_project\output\cocktailclient.lib
d:\ga3rdfinalproject_carltail\5_project\output\cocktailclient.exp
d:\ga3rdfinalproject_carltail\5_project\cocktailclient\debug\cocktailclient.ilk
d:\ga3rdfinalproject_carltail\5_project\output\cocktailclient.exe
d:\ga3rdfinalproject_carltail\5_project\output\cocktailclient.pdb
d:\ga3rdfinalproject_carltail\5_project\cocktailclient\debug\cocktailclient.tlog\cl.command.1.tlog
d:\ga3rdfinalproject_carltail\5_project\cocktailclient\debug\cocktailclient.tlog\cl.read.1.tlog
d:\ga3rdfinalproject_carltail\5_project\cocktailclient\debug\cocktailclient.tlog\cl.write.1.tlog
d:\ga3rdfinalproject_carltail\5_project\cocktailclient\debug\cocktailclient.tlog\cocktailclient.write.1u.tlog
d:\ga3rdfinalproject_carltail\5_project\cocktailclient\debug\cocktailclient.tlog\link.command.1.tlog
d:\ga3rdfinalproject_carltail\5_project\cocktailclient\debug\cocktailclient.tlog\link.delete.1.tlog
d:\ga3rdfinalproject_carltail\5_project\cocktailclient\debug\cocktailclient.tlog\link.read.1.tlog
d:\ga3rdfinalproject_carltail\5_project\cocktailclient\debug\cocktailclient.tlog\link.write.1.tlog
